TN:
SF:src/KipuBankV3.sol
DA:108,13
FN:108,KipuBankV3.constructor
FNDA:13,KipuBankV3.constructor
DA:113,13
BRDA:113,0,0,-
DA:114,13
BRDA:114,1,0,-
DA:115,13
BRDA:115,2,0,1
DA:117,12
DA:118,12
DA:121,12
DA:124,12
DA:134,0
FN:134,KipuBankV3.receive
FNDA:0,KipuBankV3.receive
DA:135,0
DA:145,7
FN:145,KipuBankV3.depositNativeToken
FNDA:7,KipuBankV3.depositNativeToken
DA:146,7
DA:147,7
DA:149,7
BRDA:149,3,0,1
DA:153,6
DA:154,6
DA:155,6
DA:159,6
DA:162,6
BRDA:162,4,0,6
DA:169,6
DA:171,6
BRDA:171,5,0,-
DA:174,6
DA:175,6
DA:177,6
BRDA:177,6,0,1
DA:178,1
DA:182,5
DA:183,5
DA:184,5
DA:187,5
DA:189,0
BRDA:189,4,1,-
DA:191,0
DA:192,0
BRDA:192,7,0,-
DA:193,0
DA:202,2
FN:202,KipuBankV3.depositToken
FNDA:2,KipuBankV3.depositToken
DA:206,2
BRDA:206,8,0,-
DA:207,2
BRDA:207,9,0,-
DA:209,2
DA:212,2
DA:216,2
DA:217,2
BRDA:217,10,0,-
DA:221,2
DA:222,2
BRDA:222,11,0,-
DA:226,2
DA:228,2
BRDA:228,12,0,1
BRDA:228,12,1,1
DA:230,1
DA:233,1
DA:234,1
DA:235,1
DA:238,2
DA:240,2
BRDA:240,13,0,1
BRDA:240,13,1,1
DA:241,1
DA:247,1
BRDA:247,14,0,1
DA:255,1
DA:256,1
BRDA:256,15,0,-
DA:260,1
DA:261,1
BRDA:261,16,0,-
DA:263,0
BRDA:263,14,1,-
DA:265,0
DA:271,2
DA:272,2
DA:274,2
BRDA:274,17,0,-
DA:275,0
DA:279,2
DA:280,2
DA:281,2
DA:284,2
DA:295,4
FN:295,KipuBankV3.withdraw
FNDA:4,KipuBankV3.withdraw
DA:296,4
BRDA:296,18,0,-
DA:299,4
BRDA:299,19,0,1
DA:300,1
DA:304,3
DA:305,3
BRDA:305,20,0,1
DA:306,1
DA:311,2
DA:314,2
DA:315,2
DA:318,2
DA:322,2
DA:323,2
BRDA:323,21,0,-
DA:326,2
DA:337,3
FN:337,KipuBankV3.getTotalBankValueUsdc
FNDA:3,KipuBankV3.getTotalBankValueUsdc
DA:338,3
DA:345,4
FN:345,KipuBankV3.getUsdcBalance
FNDA:4,KipuBankV3.getUsdcBalance
DA:346,4
DA:353,3
FN:353,KipuBankV3.getTotalDepositsCount
FNDA:3,KipuBankV3.getTotalDepositsCount
DA:354,3
DA:361,2
FN:361,KipuBankV3.getTotalWithdrawalsCount
FNDA:2,KipuBankV3.getTotalWithdrawalsCount
DA:362,2
DA:369,1
FN:369,KipuBankV3.getBankCap
FNDA:1,KipuBankV3.getBankCap
DA:370,1
FNF:10
FNH:9
LF:90
LH:81
BRF:26
BRH:11
end_of_record
TN:
SF:test/KipuBankV3.t.sol
DA:26,36
FN:26,MockERC20.constructor.0
FNDA:36,MockERC20.constructor.0
DA:27,36
DA:28,36
DA:29,36
DA:32,0
FN:32,MockERC20.totalSupply
FNDA:0,MockERC20.totalSupply
DA:33,16
FN:33,MockERC20.balanceOf
FNDA:16,MockERC20.balanceOf
DA:34,2
FN:34,MockERC20.transfer
FNDA:2,MockERC20.transfer
DA:35,2
DA:36,2
DA:37,2
DA:38,2
DA:41,1
FN:41,MockERC20.allowance
FNDA:1,MockERC20.allowance
DA:42,16
FN:42,MockERC20.approve
FNDA:16,MockERC20.approve
DA:43,16
DA:44,16
DA:45,16
DA:48,3
FN:48,MockERC20.transferFrom
FNDA:3,MockERC20.transferFrom
DA:49,3
DA:50,3
BRDA:50,0,0,-
BRDA:50,0,1,3
DA:53,3
DA:55,3
DA:56,3
DA:59,3
DA:60,3
DA:61,3
DA:65,20
FN:65,MockERC20.mint
FNDA:20,MockERC20.mint
DA:66,20
DA:67,20
DA:68,20
DA:86,12
FN:86,MockUniswapV2Router.constructor.1
FNDA:12,MockUniswapV2Router.constructor.1
DA:87,12
DA:88,12
DA:91,13
FN:91,MockUniswapV2Router.WETH
FNDA:13,MockUniswapV2Router.WETH
DA:92,0
FN:92,MockUniswapV2Router.factory
FNDA:0,MockUniswapV2Router.factory
DA:95,6
FN:95,MockUniswapV2Router.swapExactETHForTokens
FNDA:6,MockUniswapV2Router.swapExactETHForTokens
DA:101,6
BRDA:101,1,0,-
BRDA:101,1,1,6
DA:104,6
DA:107,6
DA:109,6
DA:110,6
DA:111,6
DA:112,6
DA:116,1
FN:116,MockUniswapV2Router.swapExactTokensForTokens
FNDA:1,MockUniswapV2Router.swapExactTokensForTokens
DA:123,1
BRDA:123,2,0,-
BRDA:123,2,1,1
DA:125,1
DA:126,1
DA:128,1
BRDA:128,3,0,1
BRDA:128,3,1,-
DA:130,1
DA:132,0
DA:136,1
BRDA:136,4,0,-
BRDA:136,4,1,1
DA:139,1
DA:141,1
DA:142,1
DA:143,1
DA:144,1
FNF:13
FNH:11
LF:55
LH:52
BRF:10
BRH:5
end_of_record
